<?xml version="1.0" encoding="UTF-8"?>
<!-- Generated by org.testng.reporters.JUnitReportReporter -->
<testsuite hostname="DESKTOP-AV4TL8G" failures="0" tests="1" name="com.ap.Tests.ProfilePageTest" time="40.614" errors="0" timestamp="15 Sep 2020 06:01:06 GMT" skipped="0">
  <testcase classname="com.ap.Tests.ProfilePageTest" name="profilePageTest" time="40.614"/>
</testsuite> <!-- com.ap.Tests.ProfilePageTest -->
