<?xml version="1.0" encoding="UTF-8"?>
<!-- Generated by org.testng.reporters.JUnitReportReporter -->
<testsuite hostname="DESKTOP-AV4TL8G" failures="0" tests="1" name="com.ap.Tests.ProfilePageTest" time="0.000" errors="0" timestamp="15 Sep 2020 05:35:19 GMT" skipped="1">
  <testcase classname="com.ap.Tests.ProfilePageTest" name="profilePageTest" time="0.000">
    <skipped/>
  </testcase> <!-- profilePageTest -->
</testsuite> <!-- com.ap.Tests.ProfilePageTest -->
