<?xml version="1.0" encoding="UTF-8"?>
<!-- Generated by org.testng.reporters.JUnitReportReporter -->
<testsuite hostname="DESKTOP-AV4TL8G" failures="0" tests="2" name="com.ap.Tests.SignInPageTest" time="0.000" errors="0" timestamp="15 Sep 2020 05:35:19 GMT" skipped="2">
  <testcase classname="com.ap.Tests.SignInPageTest" name="ssN" time="0.000">
    <skipped/>
  </testcase> <!-- ssN -->
  <testcase classname="com.ap.Tests.SignInPageTest" name="ppPage" time="0.000">
    <skipped/>
  </testcase> <!-- ppPage -->
</testsuite> <!-- com.ap.Tests.SignInPageTest -->
