<?xml version="1.0" encoding="UTF-8"?>
<!-- Generated by org.testng.reporters.JUnitReportReporter -->
<testsuite hostname="DESKTOP-AV4TL8G" failures="0" tests="1" name="com.ap.Tests.HomePageTest" time="12.098" errors="0" timestamp="15 Sep 2020 06:01:06 GMT" skipped="0">
  <testcase classname="com.ap.Tests.HomePageTest" name="checkSignIn" time="12.098"/>
</testsuite> <!-- com.ap.Tests.HomePageTest -->
